0 info it worked if it ends with ok
1 verbose cli [ 'C:\\Program Files\\nodejs\\node.exe',
1 verbose cli   'C:\\Program Files\\nodejs\\node_modules\\npm\\bin\\npm-cli.js',
1 verbose cli   'install',
1 verbose cli   'scissors',
1 verbose cli   '--save' ]
2 info using npm@3.10.10
3 info using node@v6.10.3
4 silly loadCurrentTree Starting
5 silly install loadCurrentTree
6 silly install readLocalPackageData
7 silly fetchPackageMetaData scissors
8 silly fetchNamedPackageData scissors
9 silly mapToRegistry name scissors
10 silly mapToRegistry using default registry
11 silly mapToRegistry registry https://registry.npmjs.org/
12 silly mapToRegistry data Result {
12 silly mapToRegistry   raw: 'scissors',
12 silly mapToRegistry   scope: null,
12 silly mapToRegistry   escapedName: 'scissors',
12 silly mapToRegistry   name: 'scissors',
12 silly mapToRegistry   rawSpec: '',
12 silly mapToRegistry   spec: 'latest',
12 silly mapToRegistry   type: 'tag' }
13 silly mapToRegistry uri https://registry.npmjs.org/scissors
14 verbose request uri https://registry.npmjs.org/scissors
15 verbose request no auth needed
16 info attempt registry request try #1 at 12:48:42 PM
17 verbose request id 3577c6af066cd221
18 verbose etag W/"5913713d-138a"
19 verbose lastModified Wed, 10 May 2017 19:59:57 GMT
20 http request GET https://registry.npmjs.org/scissors
21 http 304 https://registry.npmjs.org/scissors
22 verbose headers { date: 'Mon, 22 May 2017 19:48:42 GMT',
22 verbose headers   via: '1.1 varnish',
22 verbose headers   'cache-control': 'max-age=300',
22 verbose headers   etag: 'W/"5913713d-138a"',
22 verbose headers   age: '0',
22 verbose headers   connection: 'keep-alive',
22 verbose headers   'x-served-by': 'cache-lax8640-LAX',
22 verbose headers   'x-cache': 'HIT',
22 verbose headers   'x-cache-hits': '1',
22 verbose headers   'x-timer': 'S1495482522.239001,VS0,VE157',
22 verbose headers   vary: 'Accept-Encoding' }
23 silly get cb [ 304,
23 silly get   { date: 'Mon, 22 May 2017 19:48:42 GMT',
23 silly get     via: '1.1 varnish',
23 silly get     'cache-control': 'max-age=300',
23 silly get     etag: 'W/"5913713d-138a"',
23 silly get     age: '0',
23 silly get     connection: 'keep-alive',
23 silly get     'x-served-by': 'cache-lax8640-LAX',
23 silly get     'x-cache': 'HIT',
23 silly get     'x-cache-hits': '1',
23 silly get     'x-timer': 'S1495482522.239001,VS0,VE157',
23 silly get     vary: 'Accept-Encoding' } ]
24 verbose etag https://registry.npmjs.org/scissors from cache
25 verbose get saving scissors to C:\Users\whansen\AppData\Roaming\npm-cache\registry.npmjs.org\scissors\.cache.json
26 verbose correctMkdir C:\Users\whansen\AppData\Roaming\npm-cache correctMkdir not in flight; initializing
27 silly install normalizeTree
28 silly loadCurrentTree Finishing
29 silly loadIdealTree Starting
30 silly install loadIdealTree
31 silly cloneCurrentTree Starting
32 silly install cloneCurrentTreeToIdealTree
33 silly cloneCurrentTree Finishing
34 silly loadShrinkwrap Starting
35 silly install loadShrinkwrap
36 silly loadShrinkwrap Finishing
37 silly loadAllDepsIntoIdealTree Starting
38 silly install loadAllDepsIntoIdealTree
39 silly resolveWithNewModule scissors@0.1.1 checking installable status
40 silly cache add args [ 'scissors', null ]
41 verbose cache add spec scissors
42 silly cache add parsed spec Result {
42 silly cache add   raw: 'scissors',
42 silly cache add   scope: null,
42 silly cache add   escapedName: 'scissors',
42 silly cache add   name: 'scissors',
42 silly cache add   rawSpec: '',
42 silly cache add   spec: 'latest',
42 silly cache add   type: 'tag' }
43 silly addNamed scissors@latest
44 verbose addNamed "latest" is being treated as a dist-tag for scissors
45 info addNameTag [ 'scissors', 'latest' ]
46 silly mapToRegistry name scissors
47 silly mapToRegistry using default registry
48 silly mapToRegistry registry https://registry.npmjs.org/
49 silly mapToRegistry data Result {
49 silly mapToRegistry   raw: 'scissors',
49 silly mapToRegistry   scope: null,
49 silly mapToRegistry   escapedName: 'scissors',
49 silly mapToRegistry   name: 'scissors',
49 silly mapToRegistry   rawSpec: '',
49 silly mapToRegistry   spec: 'latest',
49 silly mapToRegistry   type: 'tag' }
50 silly mapToRegistry uri https://registry.npmjs.org/scissors
51 verbose addNameTag registry:https://registry.npmjs.org/scissors not in flight; fetching
52 verbose get https://registry.npmjs.org/scissors not expired, no request
53 silly addNameTag next cb for scissors with tag latest
54 silly addNamed scissors@0.1.1
55 verbose addNamed "0.1.1" is a plain semver version for scissors
56 silly cache afterAdd scissors@0.1.1
57 verbose afterAdd C:\Users\whansen\AppData\Roaming\npm-cache\scissors\0.1.1\package\package.json not in flight; writing
58 verbose correctMkdir C:\Users\whansen\AppData\Roaming\npm-cache correctMkdir not in flight; initializing
59 verbose afterAdd C:\Users\whansen\AppData\Roaming\npm-cache\scissors\0.1.1\package\package.json written
60 silly fetchNamedPackageData bufferstream
61 silly mapToRegistry name bufferstream
62 silly mapToRegistry using default registry
63 silly mapToRegistry registry https://registry.npmjs.org/
64 silly mapToRegistry data Result {
64 silly mapToRegistry   raw: 'bufferstream',
64 silly mapToRegistry   scope: null,
64 silly mapToRegistry   escapedName: 'bufferstream',
64 silly mapToRegistry   name: 'bufferstream',
64 silly mapToRegistry   rawSpec: '',
64 silly mapToRegistry   spec: 'latest',
64 silly mapToRegistry   type: 'tag' }
65 silly mapToRegistry uri https://registry.npmjs.org/bufferstream
66 verbose request uri https://registry.npmjs.org/bufferstream
67 verbose request no auth needed
68 info attempt registry request try #1 at 12:48:42 PM
69 verbose etag W/"528abace-1383e"
70 verbose lastModified Tue, 19 Nov 2013 01:11:42 GMT
71 http request GET https://registry.npmjs.org/bufferstream
72 http 304 https://registry.npmjs.org/bufferstream
73 verbose headers { date: 'Mon, 22 May 2017 19:48:42 GMT',
73 verbose headers   via: '1.1 varnish',
73 verbose headers   'cache-control': 'max-age=300',
73 verbose headers   etag: 'W/"528abace-1383e"',
73 verbose headers   age: '0',
73 verbose headers   connection: 'keep-alive',
73 verbose headers   'x-served-by': 'cache-lax8640-LAX',
73 verbose headers   'x-cache': 'HIT',
73 verbose headers   'x-cache-hits': '1',
73 verbose headers   'x-timer': 'S1495482523.529761,VS0,VE164',
73 verbose headers   vary: 'Accept-Encoding' }
74 silly get cb [ 304,
74 silly get   { date: 'Mon, 22 May 2017 19:48:42 GMT',
74 silly get     via: '1.1 varnish',
74 silly get     'cache-control': 'max-age=300',
74 silly get     etag: 'W/"528abace-1383e"',
74 silly get     age: '0',
74 silly get     connection: 'keep-alive',
74 silly get     'x-served-by': 'cache-lax8640-LAX',
74 silly get     'x-cache': 'HIT',
74 silly get     'x-cache-hits': '1',
74 silly get     'x-timer': 'S1495482523.529761,VS0,VE164',
74 silly get     vary: 'Accept-Encoding' } ]
75 verbose etag https://registry.npmjs.org/bufferstream from cache
76 verbose get saving bufferstream to C:\Users\whansen\AppData\Roaming\npm-cache\registry.npmjs.org\bufferstream\.cache.json
77 verbose correctMkdir C:\Users\whansen\AppData\Roaming\npm-cache correctMkdir not in flight; initializing
78 silly resolveWithNewModule bufferstream@0.5.2 checking installable status
79 silly cache add args [ 'bufferstream@~0.5.1', null ]
80 verbose cache add spec bufferstream@~0.5.1
81 silly cache add parsed spec Result {
81 silly cache add   raw: 'bufferstream@~0.5.1',
81 silly cache add   scope: null,
81 silly cache add   escapedName: 'bufferstream',
81 silly cache add   name: 'bufferstream',
81 silly cache add   rawSpec: '~0.5.1',
81 silly cache add   spec: '>=0.5.1 <0.6.0',
81 silly cache add   type: 'range' }
82 silly addNamed bufferstream@>=0.5.1 <0.6.0
83 verbose addNamed ">=0.5.1 <0.6.0" is a valid semver range for bufferstream
84 silly addNameRange { name: 'bufferstream', range: '>=0.5.1 <0.6.0', hasData: false }
85 silly mapToRegistry name bufferstream
86 silly mapToRegistry using default registry
87 silly mapToRegistry registry https://registry.npmjs.org/
88 silly mapToRegistry data Result {
88 silly mapToRegistry   raw: 'bufferstream',
88 silly mapToRegistry   scope: null,
88 silly mapToRegistry   escapedName: 'bufferstream',
88 silly mapToRegistry   name: 'bufferstream',
88 silly mapToRegistry   rawSpec: '',
88 silly mapToRegistry   spec: 'latest',
88 silly mapToRegistry   type: 'tag' }
89 silly mapToRegistry uri https://registry.npmjs.org/bufferstream
90 verbose addNameRange registry:https://registry.npmjs.org/bufferstream not in flight; fetching
91 verbose get https://registry.npmjs.org/bufferstream not expired, no request
92 silly addNameRange number 2 { name: 'bufferstream', range: '>=0.5.1 <0.6.0', hasData: true }
93 silly addNameRange versions [ 'bufferstream',
93 silly addNameRange   [ '0.0.2',
93 silly addNameRange     '0.0.3',
93 silly addNameRange     '0.1.0',
93 silly addNameRange     '0.1.1',
93 silly addNameRange     '0.1.2',
93 silly addNameRange     '0.1.2-1',
93 silly addNameRange     '0.1.2-2',
93 silly addNameRange     '0.1.2-3',
93 silly addNameRange     '0.1.2-4',
93 silly addNameRange     '0.1.2-5',
93 silly addNameRange     '0.1.2-6',
93 silly addNameRange     '0.1.3',
93 silly addNameRange     '0.1.4',
93 silly addNameRange     '0.1.5',
93 silly addNameRange     '0.1.6',
93 silly addNameRange     '0.2.0',
93 silly addNameRange     '0.3.0',
93 silly addNameRange     '0.4.0',
93 silly addNameRange     '0.4.1',
93 silly addNameRange     '0.4.2',
93 silly addNameRange     '0.4.3',
93 silly addNameRange     '0.4.4',
93 silly addNameRange     '0.4.5',
93 silly addNameRange     '0.4.6',
93 silly addNameRange     '0.4.7',
93 silly addNameRange     '0.4.8',
93 silly addNameRange     '0.4.9',
93 silly addNameRange     '0.4.10',
93 silly addNameRange     '0.5.0-pre',
93 silly addNameRange     '0.5.0-pre2',
93 silly addNameRange     '0.5.0',
93 silly addNameRange     '0.5.1',
93 silly addNameRange     '0.5.2',
93 silly addNameRange     '0.6.0',
93 silly addNameRange     '0.6.1',
93 silly addNameRange     '0.6.2' ] ]
94 silly addNamed bufferstream@0.5.2
95 verbose addNamed "0.5.2" is a plain semver version for bufferstream
96 silly cache afterAdd bufferstream@0.5.2
97 verbose afterAdd C:\Users\whansen\AppData\Roaming\npm-cache\bufferstream\0.5.2\package\package.json not in flight; writing
98 verbose correctMkdir C:\Users\whansen\AppData\Roaming\npm-cache correctMkdir not in flight; initializing
99 verbose afterAdd C:\Users\whansen\AppData\Roaming\npm-cache\bufferstream\0.5.2\package\package.json written
100 silly fetchNamedPackageData buffertools
101 silly mapToRegistry name buffertools
102 silly mapToRegistry using default registry
103 silly mapToRegistry registry https://registry.npmjs.org/
104 silly mapToRegistry data Result {
104 silly mapToRegistry   raw: 'buffertools',
104 silly mapToRegistry   scope: null,
104 silly mapToRegistry   escapedName: 'buffertools',
104 silly mapToRegistry   name: 'buffertools',
104 silly mapToRegistry   rawSpec: '',
104 silly mapToRegistry   spec: 'latest',
104 silly mapToRegistry   type: 'tag' }
105 silly mapToRegistry uri https://registry.npmjs.org/buffertools
106 verbose request uri https://registry.npmjs.org/buffertools
107 verbose request no auth needed
108 info attempt registry request try #1 at 12:48:42 PM
109 verbose etag W/"58e3fcb1-7a0a"
110 verbose lastModified Tue, 04 Apr 2017 20:06:09 GMT
111 http request GET https://registry.npmjs.org/buffertools
112 http 304 https://registry.npmjs.org/buffertools
113 verbose headers { date: 'Mon, 22 May 2017 19:48:42 GMT',
113 verbose headers   via: '1.1 varnish',
113 verbose headers   'cache-control': 'max-age=300',
113 verbose headers   etag: 'W/"58e3fcb1-7a0a"',
113 verbose headers   age: '10',
113 verbose headers   connection: 'keep-alive',
113 verbose headers   'x-served-by': 'cache-lax8640-LAX',
113 verbose headers   'x-cache': 'HIT',
113 verbose headers   'x-cache-hits': '1',
113 verbose headers   'x-timer': 'S1495482523.734779,VS0,VE1',
113 verbose headers   vary: 'Accept-Encoding' }
114 silly get cb [ 304,
114 silly get   { date: 'Mon, 22 May 2017 19:48:42 GMT',
114 silly get     via: '1.1 varnish',
114 silly get     'cache-control': 'max-age=300',
114 silly get     etag: 'W/"58e3fcb1-7a0a"',
114 silly get     age: '10',
114 silly get     connection: 'keep-alive',
114 silly get     'x-served-by': 'cache-lax8640-LAX',
114 silly get     'x-cache': 'HIT',
114 silly get     'x-cache-hits': '1',
114 silly get     'x-timer': 'S1495482523.734779,VS0,VE1',
114 silly get     vary: 'Accept-Encoding' } ]
115 verbose etag https://registry.npmjs.org/buffertools from cache
116 verbose get saving buffertools to C:\Users\whansen\AppData\Roaming\npm-cache\registry.npmjs.org\buffertools\.cache.json
117 verbose correctMkdir C:\Users\whansen\AppData\Roaming\npm-cache correctMkdir not in flight; initializing
118 silly resolveWithNewModule buffertools@2.1.6 checking installable status
119 silly cache add args [ 'buffertools@>= 1.0.3', null ]
120 verbose cache add spec buffertools@>= 1.0.3
121 silly cache add parsed spec Result {
121 silly cache add   raw: 'buffertools@>= 1.0.3',
121 silly cache add   scope: null,
121 silly cache add   escapedName: 'buffertools',
121 silly cache add   name: 'buffertools',
121 silly cache add   rawSpec: '>= 1.0.3',
121 silly cache add   spec: '>=1.0.3',
121 silly cache add   type: 'range' }
122 silly addNamed buffertools@>=1.0.3
123 verbose addNamed ">=1.0.3" is a valid semver range for buffertools
124 silly addNameRange { name: 'buffertools', range: '>=1.0.3', hasData: false }
125 silly mapToRegistry name buffertools
126 silly mapToRegistry using default registry
127 silly mapToRegistry registry https://registry.npmjs.org/
128 silly mapToRegistry data Result {
128 silly mapToRegistry   raw: 'buffertools',
128 silly mapToRegistry   scope: null,
128 silly mapToRegistry   escapedName: 'buffertools',
128 silly mapToRegistry   name: 'buffertools',
128 silly mapToRegistry   rawSpec: '',
128 silly mapToRegistry   spec: 'latest',
128 silly mapToRegistry   type: 'tag' }
129 silly mapToRegistry uri https://registry.npmjs.org/buffertools
130 verbose addNameRange registry:https://registry.npmjs.org/buffertools not in flight; fetching
131 verbose get https://registry.npmjs.org/buffertools not expired, no request
132 silly addNameRange number 2 { name: 'buffertools', range: '>=1.0.3', hasData: true }
133 silly addNameRange versions [ 'buffertools',
133 silly addNameRange   [ '1.0.0',
133 silly addNameRange     '1.0.1',
133 silly addNameRange     '1.0.2',
133 silly addNameRange     '1.0.3',
133 silly addNameRange     '1.0.4',
133 silly addNameRange     '1.0.5',
133 silly addNameRange     '1.0.6',
133 silly addNameRange     '1.0.7',
133 silly addNameRange     '1.0.8',
133 silly addNameRange     '1.0.9',
133 silly addNameRange     '1.1.0',
133 silly addNameRange     '1.1.1',
133 silly addNameRange     '2.0.0',
133 silly addNameRange     '2.0.1',
133 silly addNameRange     '2.1.0',
133 silly addNameRange     '2.1.1',
133 silly addNameRange     '2.1.2',
133 silly addNameRange     '2.1.3',
133 silly addNameRange     '2.1.4',
133 silly addNameRange     '2.1.5',
133 silly addNameRange     '2.1.6' ] ]
134 silly addNamed buffertools@2.1.6
135 verbose addNamed "2.1.6" is a plain semver version for buffertools
136 silly cache afterAdd buffertools@2.1.6
137 verbose afterAdd C:\Users\whansen\AppData\Roaming\npm-cache\buffertools\2.1.6\package\package.json not in flight; writing
138 verbose correctMkdir C:\Users\whansen\AppData\Roaming\npm-cache correctMkdir not in flight; initializing
139 verbose afterAdd C:\Users\whansen\AppData\Roaming\npm-cache\buffertools\2.1.6\package\package.json written
140 silly loadAllDepsIntoIdealTree Finishing
141 silly loadIdealTree Finishing
142 silly currentTree pdfparser@1.0.0
142 silly currentTree +-- acorn@1.2.2
142 silly currentTree +-- amdefine@1.0.1
142 silly currentTree +-- ast-transform@0.0.0
142 silly currentTree | +-- escodegen@1.2.0
142 silly currentTree | `-- esprima@1.0.4
142 silly currentTree +-- ast-types@0.7.8
142 silly currentTree +-- async@0.1.22
142 silly currentTree +-- babel-runtime@6.23.0
142 silly currentTree +-- base64-js@1.2.0
142 silly currentTree +-- brfs@1.4.3
142 silly currentTree +-- brotli@1.3.2
142 silly currentTree +-- browser-resolve@1.11.2
142 silly currentTree | `-- resolve@1.1.7
142 silly currentTree +-- browserify-optional@1.0.0
142 silly currentTree +-- buffer-equal@0.0.1
142 silly currentTree +-- buffer-shims@1.0.0
142 silly currentTree +-- bufferjs@2.0.0
142 silly currentTree +-- clone@1.0.2
142 silly currentTree +-- concat-stream@1.6.0
142 silly currentTree +-- core-js@2.4.1
142 silly currentTree +-- core-util-is@1.0.2
142 silly currentTree +-- deep-equal@1.0.1
142 silly currentTree +-- dfa@1.1.0
142 silly currentTree +-- duplexer2@0.0.2
142 silly currentTree | +-- isarray@0.0.1
142 silly currentTree | +-- readable-stream@1.1.14
142 silly currentTree | `-- string_decoder@0.10.31
142 silly currentTree +-- escodegen@1.3.3
142 silly currentTree +-- esprima@1.1.1
142 silly currentTree +-- estraverse@1.5.1
142 silly currentTree +-- esutils@1.0.0
142 silly currentTree +-- falafel@1.2.0
142 silly currentTree | `-- isarray@0.0.1
142 silly currentTree +-- fontkit@1.6.0
142 silly currentTree +-- foreach@2.0.5
142 silly currentTree +-- function-bind@1.1.0
142 silly currentTree +-- has@1.0.1
142 silly currentTree +-- inherits@2.0.3
142 silly currentTree +-- ipp-encoder@5.0.0
142 silly currentTree +-- ipp@1.1.0
142 silly currentTree +-- isarray@1.0.0
142 silly currentTree +-- linebreak@0.1.2
142 silly currentTree | `-- unicode-trie@0.1.2
142 silly currentTree +-- minimist@1.2.0
142 silly currentTree +-- node-printer@1.0.2
142 silly currentTree +-- object-inspect@0.4.0
142 silly currentTree +-- object-keys@1.0.11
142 silly currentTree +-- pako@0.2.9
142 silly currentTree +-- path-parse@1.0.5
142 silly currentTree +-- pdf-to-text@0.0.6
142 silly currentTree +-- pdf2json@1.1.7
142 silly currentTree | +-- async@2.0.1
142 silly currentTree | +-- lodash@4.15.0
142 silly currentTree | +-- minimist@0.0.10
142 silly currentTree | +-- optimist@0.6.1
142 silly currentTree | +-- wordwrap@0.0.3
142 silly currentTree | `-- xmldom@0.1.22
142 silly currentTree +-- pdfkit@0.8.0
142 silly currentTree +-- png-js@0.1.1
142 silly currentTree +-- process-nextick-args@1.0.7
142 silly currentTree +-- quote-stream@1.0.2
142 silly currentTree +-- readable-stream@2.2.9
142 silly currentTree +-- regenerator-runtime@0.10.5
142 silly currentTree +-- resolve@1.3.3
142 silly currentTree +-- restructure@0.5.4
142 silly currentTree +-- shallow-copy@0.0.1
142 silly currentTree +-- should-equal@1.0.1
142 silly currentTree +-- should-format@3.0.3
142 silly currentTree +-- should-type-adaptors@1.0.1
142 silly currentTree +-- should-type@1.4.0
142 silly currentTree +-- should-util@1.0.0
142 silly currentTree +-- should@11.2.1
142 silly currentTree +-- source-map@0.1.43
142 silly currentTree +-- static-eval@0.2.4
142 silly currentTree | +-- escodegen@0.0.28
142 silly currentTree | +-- esprima@1.0.4
142 silly currentTree | `-- estraverse@1.3.2
142 silly currentTree +-- static-module@1.3.2
142 silly currentTree | +-- isarray@0.0.1
142 silly currentTree | +-- minimist@0.0.8
142 silly currentTree | +-- object-keys@0.4.0
142 silly currentTree | +-- quote-stream@0.0.0
142 silly currentTree | +-- readable-stream@1.0.34
142 silly currentTree | +-- string_decoder@0.10.31
142 silly currentTree | +-- through2@0.4.2
142 silly currentTree | `-- xtend@2.1.2
142 silly currentTree +-- string_decoder@1.0.0
142 silly currentTree +-- temp@0.4.0
142 silly currentTree +-- through@2.3.8
142 silly currentTree +-- through2@2.0.3
142 silly currentTree +-- tiny-inflate@1.0.2
142 silly currentTree +-- typedarray@0.0.6
142 silly currentTree +-- underscore@1.8.3
142 silly currentTree +-- unicode-properties@1.1.0
142 silly currentTree +-- unicode-trie@0.3.1
142 silly currentTree +-- util-deprecate@1.0.2
142 silly currentTree `-- xtend@4.0.1
143 silly idealTree pdfparser@1.0.0
143 silly idealTree +-- acorn@1.2.2
143 silly idealTree +-- amdefine@1.0.1
143 silly idealTree +-- ast-transform@0.0.0
143 silly idealTree | +-- escodegen@1.2.0
143 silly idealTree | `-- esprima@1.0.4
143 silly idealTree +-- ast-types@0.7.8
143 silly idealTree +-- async@0.1.22
143 silly idealTree +-- babel-runtime@6.23.0
143 silly idealTree +-- base64-js@1.2.0
143 silly idealTree +-- brfs@1.4.3
143 silly idealTree +-- brotli@1.3.2
143 silly idealTree +-- browser-resolve@1.11.2
143 silly idealTree | `-- resolve@1.1.7
143 silly idealTree +-- browserify-optional@1.0.0
143 silly idealTree +-- buffer-equal@0.0.1
143 silly idealTree +-- buffer-shims@1.0.0
143 silly idealTree +-- bufferjs@2.0.0
143 silly idealTree +-- bufferstream@0.5.2
143 silly idealTree +-- buffertools@2.1.6
143 silly idealTree +-- clone@1.0.2
143 silly idealTree +-- concat-stream@1.6.0
143 silly idealTree +-- core-js@2.4.1
143 silly idealTree +-- core-util-is@1.0.2
143 silly idealTree +-- deep-equal@1.0.1
143 silly idealTree +-- dfa@1.1.0
143 silly idealTree +-- duplexer2@0.0.2
143 silly idealTree | +-- isarray@0.0.1
143 silly idealTree | +-- readable-stream@1.1.14
143 silly idealTree | `-- string_decoder@0.10.31
143 silly idealTree +-- escodegen@1.3.3
143 silly idealTree +-- esprima@1.1.1
143 silly idealTree +-- estraverse@1.5.1
143 silly idealTree +-- esutils@1.0.0
143 silly idealTree +-- falafel@1.2.0
143 silly idealTree | `-- isarray@0.0.1
143 silly idealTree +-- fontkit@1.6.0
143 silly idealTree +-- foreach@2.0.5
143 silly idealTree +-- function-bind@1.1.0
143 silly idealTree +-- has@1.0.1
143 silly idealTree +-- inherits@2.0.3
143 silly idealTree +-- ipp-encoder@5.0.0
143 silly idealTree +-- ipp@1.1.0
143 silly idealTree +-- isarray@1.0.0
143 silly idealTree +-- linebreak@0.1.2
143 silly idealTree | `-- unicode-trie@0.1.2
143 silly idealTree +-- minimist@1.2.0
143 silly idealTree +-- node-printer@1.0.2
143 silly idealTree +-- object-inspect@0.4.0
143 silly idealTree +-- object-keys@1.0.11
143 silly idealTree +-- pako@0.2.9
143 silly idealTree +-- path-parse@1.0.5
143 silly idealTree +-- pdf-to-text@0.0.6
143 silly idealTree +-- pdf2json@1.1.7
143 silly idealTree | +-- async@2.0.1
143 silly idealTree | +-- lodash@4.15.0
143 silly idealTree | +-- minimist@0.0.10
143 silly idealTree | +-- optimist@0.6.1
143 silly idealTree | +-- wordwrap@0.0.3
143 silly idealTree | `-- xmldom@0.1.22
143 silly idealTree +-- pdfkit@0.8.0
143 silly idealTree +-- png-js@0.1.1
143 silly idealTree +-- process-nextick-args@1.0.7
143 silly idealTree +-- quote-stream@1.0.2
143 silly idealTree +-- readable-stream@2.2.9
143 silly idealTree +-- regenerator-runtime@0.10.5
143 silly idealTree +-- resolve@1.3.3
143 silly idealTree +-- restructure@0.5.4
143 silly idealTree +-- scissors@0.1.1
143 silly idealTree +-- shallow-copy@0.0.1
143 silly idealTree +-- should-equal@1.0.1
143 silly idealTree +-- should-format@3.0.3
143 silly idealTree +-- should-type-adaptors@1.0.1
143 silly idealTree +-- should-type@1.4.0
143 silly idealTree +-- should-util@1.0.0
143 silly idealTree +-- should@11.2.1
143 silly idealTree +-- source-map@0.1.43
143 silly idealTree +-- static-eval@0.2.4
143 silly idealTree | +-- escodegen@0.0.28
143 silly idealTree | +-- esprima@1.0.4
143 silly idealTree | `-- estraverse@1.3.2
143 silly idealTree +-- static-module@1.3.2
143 silly idealTree | +-- isarray@0.0.1
143 silly idealTree | +-- minimist@0.0.8
143 silly idealTree | +-- object-keys@0.4.0
143 silly idealTree | +-- quote-stream@0.0.0
143 silly idealTree | +-- readable-stream@1.0.34
143 silly idealTree | +-- string_decoder@0.10.31
143 silly idealTree | +-- through2@0.4.2
143 silly idealTree | `-- xtend@2.1.2
143 silly idealTree +-- string_decoder@1.0.0
143 silly idealTree +-- temp@0.4.0
143 silly idealTree +-- through@2.3.8
143 silly idealTree +-- through2@2.0.3
143 silly idealTree +-- tiny-inflate@1.0.2
143 silly idealTree +-- typedarray@0.0.6
143 silly idealTree +-- underscore@1.8.3
143 silly idealTree +-- unicode-properties@1.1.0
143 silly idealTree +-- unicode-trie@0.3.1
143 silly idealTree +-- util-deprecate@1.0.2
143 silly idealTree `-- xtend@4.0.1
144 silly generateActionsToTake Starting
145 silly install generateActionsToTake
146 silly generateActionsToTake Finishing
147 silly diffTrees action count 3
148 silly diffTrees add buffertools@2.1.6
149 silly diffTrees add bufferstream@0.5.2
150 silly diffTrees add scissors@0.1.1
151 silly decomposeActions action count 24
152 silly decomposeActions fetch buffertools@2.1.6
153 silly decomposeActions extract buffertools@2.1.6
154 silly decomposeActions test buffertools@2.1.6
155 silly decomposeActions preinstall buffertools@2.1.6
156 silly decomposeActions build buffertools@2.1.6
157 silly decomposeActions install buffertools@2.1.6
158 silly decomposeActions postinstall buffertools@2.1.6
159 silly decomposeActions finalize buffertools@2.1.6
160 silly decomposeActions fetch bufferstream@0.5.2
161 silly decomposeActions extract bufferstream@0.5.2
162 silly decomposeActions test bufferstream@0.5.2
163 silly decomposeActions preinstall bufferstream@0.5.2
164 silly decomposeActions build bufferstream@0.5.2
165 silly decomposeActions install bufferstream@0.5.2
166 silly decomposeActions postinstall bufferstream@0.5.2
167 silly decomposeActions finalize bufferstream@0.5.2
168 silly decomposeActions fetch scissors@0.1.1
169 silly decomposeActions extract scissors@0.1.1
170 silly decomposeActions test scissors@0.1.1
171 silly decomposeActions preinstall scissors@0.1.1
172 silly decomposeActions build scissors@0.1.1
173 silly decomposeActions install scissors@0.1.1
174 silly decomposeActions postinstall scissors@0.1.1
175 silly decomposeActions finalize scissors@0.1.1
176 silly runTopLevelLifecycles Starting
177 silly executeActions Starting
178 silly install executeActions
179 silly doSerial global-install 0
180 silly doParallel fetch 3
181 verbose correctMkdir C:\Users\whansen\AppData\Roaming\npm-cache\_locks correctMkdir not in flight; initializing
182 verbose lock using C:\Users\whansen\AppData\Roaming\npm-cache\_locks\staging-d2d2bd6fc37636b5.lock for U:\pdfparser\node_modules\.staging
183 silly doParallel extract 3
184 silly extract buffertools@2.1.6
185 silly extract bufferstream@0.5.2
186 silly extract scissors@0.1.1
187 verbose unbuild node_modules\.staging\buffertools-791a6606
188 verbose unbuild node_modules\.staging\bufferstream-c6d76215
189 verbose unbuild node_modules\.staging\scissors-7b539365
190 silly gentlyRm U:\pdfparser\node_modules\.staging\buffertools-791a6606 is being purged from base U:\pdfparser
191 verbose gentlyRm don't care about contents; nuking U:\pdfparser\node_modules\.staging\buffertools-791a6606
192 silly gentlyRm U:\pdfparser\node_modules\.staging\bufferstream-c6d76215 is being purged from base U:\pdfparser
193 verbose gentlyRm don't care about contents; nuking U:\pdfparser\node_modules\.staging\bufferstream-c6d76215
194 silly gentlyRm U:\pdfparser\node_modules\.staging\scissors-7b539365 is being purged from base U:\pdfparser
195 verbose gentlyRm don't care about contents; nuking U:\pdfparser\node_modules\.staging\scissors-7b539365
196 verbose tar unpack C:\Users\whansen\AppData\Roaming\npm-cache\buffertools\2.1.6\package.tgz
197 verbose tar unpacking to U:\pdfparser\node_modules\.staging\buffertools-791a6606
198 silly gentlyRm U:\pdfparser\node_modules\.staging\buffertools-791a6606 is being purged
199 verbose gentlyRm don't care about contents; nuking U:\pdfparser\node_modules\.staging\buffertools-791a6606
200 verbose tar unpack C:\Users\whansen\AppData\Roaming\npm-cache\bufferstream\0.5.2\package.tgz
201 verbose tar unpacking to U:\pdfparser\node_modules\.staging\bufferstream-c6d76215
202 silly gentlyRm U:\pdfparser\node_modules\.staging\bufferstream-c6d76215 is being purged
203 verbose gentlyRm don't care about contents; nuking U:\pdfparser\node_modules\.staging\bufferstream-c6d76215
204 verbose tar unpack C:\Users\whansen\AppData\Roaming\npm-cache\scissors\0.1.1\package.tgz
205 verbose tar unpacking to U:\pdfparser\node_modules\.staging\scissors-7b539365
206 silly gentlyRm U:\pdfparser\node_modules\.staging\scissors-7b539365 is being purged
207 verbose gentlyRm don't care about contents; nuking U:\pdfparser\node_modules\.staging\scissors-7b539365
208 silly gunzTarPerm modes [ '777', '666' ]
209 silly gunzTarPerm modes [ '777', '666' ]
210 silly gunzTarPerm modes [ '777', '666' ]
211 silly gunzTarPerm extractEntry package.json
212 silly gunzTarPerm modified mode [ 'package.json', 420, 438 ]
213 silly gunzTarPerm extractEntry package.json
214 silly gunzTarPerm modified mode [ 'package.json', 420, 438 ]
215 silly gunzTarPerm extractEntry package.json
216 silly gunzTarPerm modified mode [ 'package.json', 420, 438 ]
217 silly gunzTarPerm extractEntry .npmignore
218 silly gunzTarPerm modified mode [ '.npmignore', 420, 438 ]
219 silly gunzTarPerm extractEntry README.md
220 silly gunzTarPerm modified mode [ 'README.md', 420, 438 ]
221 silly gunzTarPerm extractEntry .npmignore
222 silly gunzTarPerm modified mode [ '.npmignore', 420, 438 ]
223 silly gunzTarPerm extractEntry README.md
224 silly gunzTarPerm modified mode [ 'README.md', 420, 438 ]
225 silly gunzTarPerm extractEntry .npmignore
226 silly gunzTarPerm modified mode [ '.npmignore', 420, 438 ]
227 silly gunzTarPerm extractEntry README.md
228 silly gunzTarPerm modified mode [ 'README.md', 420, 438 ]
229 silly gunzTarPerm extractEntry LICENSE
230 silly gunzTarPerm modified mode [ 'LICENSE', 420, 438 ]
231 silly gunzTarPerm extractEntry events.js
232 silly gunzTarPerm modified mode [ 'events.js', 420, 438 ]
233 silly gunzTarPerm extractEntry scissors.js
234 silly gunzTarPerm modified mode [ 'scissors.js', 420, 438 ]
235 silly gunzTarPerm extractEntry LICENSE-APACHE
236 silly gunzTarPerm modified mode [ 'LICENSE-APACHE', 420, 438 ]
237 silly gunzTarPerm extractEntry LICENSE-MIT
238 silly gunzTarPerm modified mode [ 'LICENSE-MIT', 420, 438 ]
239 silly gunzTarPerm extractEntry bin/crop.js
240 silly gunzTarPerm modified mode [ 'bin/crop.js', 493, 511 ]
241 silly gunzTarPerm extractEntry bin/rasterize.js
242 silly gunzTarPerm modified mode [ 'bin/rasterize.js', 493, 511 ]
243 silly gunzTarPerm extractEntry contrib/ps2ascii.ps
244 silly gunzTarPerm modified mode [ 'contrib/ps2ascii.ps', 420, 438 ]
245 silly gunzTarPerm extractEntry example/test.js
246 silly gunzTarPerm modified mode [ 'example/test.js', 420, 438 ]
247 silly gunzTarPerm extractEntry example/test.pdf
248 silly gunzTarPerm modified mode [ 'example/test.pdf', 420, 438 ]
249 silly gunzTarPerm extractEntry LICENSE
250 silly gunzTarPerm modified mode [ 'LICENSE', 420, 438 ]
251 silly gunzTarPerm extractEntry buffertools.js
252 silly gunzTarPerm modified mode [ 'buffertools.js', 420, 438 ]
253 silly gunzTarPerm extractEntry postbuffer.js
254 silly gunzTarPerm modified mode [ 'postbuffer.js', 420, 438 ]
255 silly gunzTarPerm extractEntry bufferstream.js
256 silly gunzTarPerm modified mode [ 'bufferstream.js', 420, 438 ]
257 silly gunzTarPerm extractEntry test.js
258 silly gunzTarPerm modified mode [ 'test.js', 420, 438 ]
259 silly gunzTarPerm extractEntry binding.gyp
260 silly gunzTarPerm modified mode [ 'binding.gyp', 420, 438 ]
261 silly gunzTarPerm extractEntry buffertools.cc
262 silly gunzTarPerm modified mode [ 'buffertools.cc', 420, 438 ]
263 silly gunzTarPerm extractEntry BoyerMoore.h
264 silly gunzTarPerm modified mode [ 'BoyerMoore.h', 420, 438 ]
265 silly gunzTarPerm extractEntry AUTHORS
266 silly gunzTarPerm modified mode [ 'AUTHORS', 420, 438 ]
267 silly gunzTarPerm extractEntry .mailmap
268 silly gunzTarPerm modified mode [ '.mailmap', 420, 438 ]
269 silly gunzTarPerm extractEntry todo
270 silly gunzTarPerm modified mode [ 'todo', 420, 438 ]
271 silly gunzTarPerm extractEntry ..travis.yml.un~
272 silly gunzTarPerm modified mode [ '..travis.yml.un~', 420, 438 ]
273 silly gunzTarPerm extractEntry lib/fn.js
274 silly gunzTarPerm modified mode [ 'lib/fn.js', 420, 438 ]
275 silly gunzTarPerm extractEntry lib/buffer-stream.js
276 silly gunzTarPerm modified mode [ 'lib/buffer-stream.js', 420, 438 ]
277 silly gunzTarPerm extractEntry lib/post-buffer.js
278 silly gunzTarPerm modified mode [ 'lib/post-buffer.js', 420, 438 ]
279 silly gunzTarPerm extractEntry .travis.yml
280 silly gunzTarPerm modified mode [ '.travis.yml', 420, 438 ]
281 silly gunzTarPerm extractEntry test/stream.js
282 silly gunzTarPerm modified mode [ 'test/stream.js', 420, 438 ]
283 silly gunzTarPerm extractEntry test/buffer.js
284 silly gunzTarPerm modified mode [ 'test/buffer.js', 420, 438 ]
285 silly gentlyRm U:\pdfparser\node_modules\.staging\buffertools-791a6606\node_modules is being purged
286 verbose gentlyRm don't care about contents; nuking U:\pdfparser\node_modules\.staging\buffertools-791a6606\node_modules
287 silly gentlyRm U:\pdfparser\node_modules\.staging\bufferstream-c6d76215\node_modules is being purged
288 verbose gentlyRm don't care about contents; nuking U:\pdfparser\node_modules\.staging\bufferstream-c6d76215\node_modules
289 silly gentlyRm U:\pdfparser\node_modules\.staging\scissors-7b539365\node_modules is being purged
290 verbose gentlyRm don't care about contents; nuking U:\pdfparser\node_modules\.staging\scissors-7b539365\node_modules
291 silly doParallel preinstall 3
292 silly preinstall buffertools@2.1.6 U:\pdfparser\node_modules\.staging\buffertools-791a6606
293 info lifecycle buffertools@2.1.6~preinstall: buffertools@2.1.6
294 silly preinstall bufferstream@0.5.2 U:\pdfparser\node_modules\.staging\bufferstream-c6d76215
295 info lifecycle bufferstream@0.5.2~preinstall: bufferstream@0.5.2
296 silly preinstall scissors@0.1.1 U:\pdfparser\node_modules\.staging\scissors-7b539365
297 info lifecycle scissors@0.1.1~preinstall: scissors@0.1.1
298 silly lifecycle scissors@0.1.1~preinstall: no script for preinstall, continuing
299 silly lifecycle bufferstream@0.5.2~preinstall: no script for preinstall, continuing
300 silly lifecycle buffertools@2.1.6~preinstall: no script for preinstall, continuing
301 silly doReverseSerial remove 0
302 silly doSerial move 0
303 silly doSerial finalize 3
304 silly finalize U:\pdfparser\node_modules\buffertools
305 silly finalize U:\pdfparser\node_modules\bufferstream
306 silly finalize U:\pdfparser\node_modules\scissors
307 silly doSerial build 3
308 silly build buffertools@2.1.6
309 info linkStuff buffertools@2.1.6
310 silly linkStuff buffertools@2.1.6 has U:\pdfparser\node_modules as its parent node_modules
311 verbose linkBins buffertools@2.1.6
312 verbose linkMans buffertools@2.1.6
313 silly build bufferstream@0.5.2
314 info linkStuff bufferstream@0.5.2
315 silly linkStuff bufferstream@0.5.2 has U:\pdfparser\node_modules as its parent node_modules
316 verbose linkBins bufferstream@0.5.2
317 verbose linkMans bufferstream@0.5.2
318 silly build scissors@0.1.1
319 info linkStuff scissors@0.1.1
320 silly linkStuff scissors@0.1.1 has U:\pdfparser\node_modules as its parent node_modules
321 verbose linkBins scissors@0.1.1
322 verbose linkMans scissors@0.1.1
323 silly doSerial global-link 0
324 silly doParallel update-linked 0
325 silly doSerial install 3
326 silly install buffertools@2.1.6 U:\pdfparser\node_modules\.staging\buffertools-791a6606
327 info lifecycle buffertools@2.1.6~install: buffertools@2.1.6
328 verbose lifecycle buffertools@2.1.6~install: unsafe-perm in lifecycle true
329 verbose lifecycle buffertools@2.1.6~install: PATH: C:\Program Files\nodejs\node_modules\npm\bin\node-gyp-bin;U:\pdfparser\node_modules\buffertools\node_modules\.bin;U:\pdfparser\node_modules\.bin;C:\Program Files\Git\mingw64\bin;C:\Program Files\Git\usr\bin;U:\bin;C:\ProgramData\Oracle\Java\javapath;C:\Windows\system32;C:\Windows;C:\Windows\System32\Wbem;C:\Windows\System32\WindowsPowerShell\v1.0;C:\Program Files (x86)\Common Files\LaserFiche\System;C:\Program Files\Common Files\LaserFiche\System;C:\Program Files\Git\cmd;C:\Program Files\nodejs;C:\Program Files (x86)\PDFtk Server\bin;C:\Program Files (x86)\Microsoft VS Code\bin;C:\Users\whansen\AppData\Roaming\npm
330 verbose lifecycle buffertools@2.1.6~install: CWD: U:\pdfparser\node_modules\buffertools
331 silly lifecycle buffertools@2.1.6~install: Args: [ '/d /s /c', 'node-gyp rebuild' ]
332 silly lifecycle buffertools@2.1.6~install: Returned: code: 1  signal: null
333 info lifecycle buffertools@2.1.6~install: Failed to exec install script
334 verbose unlock done using C:\Users\whansen\AppData\Roaming\npm-cache\_locks\staging-d2d2bd6fc37636b5.lock for U:\pdfparser\node_modules\.staging
335 silly rollbackFailedOptional Starting
336 silly rollbackFailedOptional Finishing
337 silly runTopLevelLifecycles Finishing
338 silly install printInstalled
339 verbose stack Error: buffertools@2.1.6 install: `node-gyp rebuild`
339 verbose stack Exit status 1
339 verbose stack     at EventEmitter.<anonymous> (C:\Program Files\nodejs\node_modules\npm\lib\utils\lifecycle.js:255:16)
339 verbose stack     at emitTwo (events.js:106:13)
339 verbose stack     at EventEmitter.emit (events.js:191:7)
339 verbose stack     at ChildProcess.<anonymous> (C:\Program Files\nodejs\node_modules\npm\lib\utils\spawn.js:40:14)
339 verbose stack     at emitTwo (events.js:106:13)
339 verbose stack     at ChildProcess.emit (events.js:191:7)
339 verbose stack     at maybeClose (internal/child_process.js:886:16)
339 verbose stack     at Process.ChildProcess._handle.onexit (internal/child_process.js:226:5)
340 verbose pkgid buffertools@2.1.6
341 verbose cwd U:\pdfparser
342 error Windows_NT 6.1.7601
343 error argv "C:\\Program Files\\nodejs\\node.exe" "C:\\Program Files\\nodejs\\node_modules\\npm\\bin\\npm-cli.js" "install" "scissors" "--save"
344 error node v6.10.3
345 error npm  v3.10.10
346 error code ELIFECYCLE
347 error buffertools@2.1.6 install: `node-gyp rebuild`
347 error Exit status 1
348 error Failed at the buffertools@2.1.6 install script 'node-gyp rebuild'.
348 error Make sure you have the latest version of node.js and npm installed.
348 error If you do, this is most likely a problem with the buffertools package,
348 error not with npm itself.
348 error Tell the author that this fails on your system:
348 error     node-gyp rebuild
348 error You can get information on how to open an issue for this project with:
348 error     npm bugs buffertools
348 error Or if that isn't available, you can get their info via:
348 error     npm owner ls buffertools
348 error There is likely additional logging output above.
349 verbose exit [ 1, true ]
